<?xml version="1.0" encoding="UTF-8"?>
<!-- Generated by org.testng.reporters.JUnitReportReporter -->
<testsuite hostname="DESKTOP-HSSTI2L" failures="0" tests="1" name="Testcase.Loginpagetest" time="3.456" errors="0" timestamp="2023-10-17T14:54:49 IST" skipped="0">
  <testcase classname="Testcase.Loginpagetest" name="tc1" time="3.456"/>
  <system-out/>
</testsuite> <!-- Testcase.Loginpagetest -->
